<?xml version="1.0" encoding="UTF-8"?>
<!-- Generated by org.testng.reporters.JUnitReportReporter -->
<testsuite hostname="LAPTOP-VU3PB39N" failures="0" tests="4" name="tests.ApiTest" time="5.855" errors="0" timestamp="2024-09-22T19:55:40 IST" skipped="0">
  <testcase classname="tests.ApiTest" name="getRequestTest" time="0.978"/>
  <testcase classname="tests.ApiTest" name="postRequestTest" time="0.464"/>
  <testcase classname="tests.ApiTest" name="deleteRequestTest" time="3.152"/>
  <testcase classname="tests.ApiTest" name="patchRequestTest" time="1.261"/>
</testsuite> <!-- tests.ApiTest -->
