<?xml version="1.0" encoding="UTF-8"?>
<!-- Generated by org.testng.reporters.JUnitReportReporter -->
<testsuite hostname="LAPTOP-VU3PB39N" failures="0" tests="1" name="tests.SoapXMLRequest" time="4.381" errors="0" timestamp="2024-09-22T19:55:53 IST" skipped="0">
  <testcase classname="tests.SoapXMLRequest" name="validateSoapXML" time="4.381"/>
</testsuite> <!-- tests.SoapXMLRequest -->
