<?xml version="1.0" encoding="UTF-8"?>
<!-- Generated by org.testng.reporters.JUnitReportReporter -->
<testsuite hostname="LAPTOP-VU3PB39N" failures="0" tests="4" name="tests.CRUDAPI" time="6.057" errors="0" timestamp="2024-09-22T19:55:18 IST" skipped="0">
  <testcase classname="tests.CRUDAPI" name="deleteRequestTest" time="3.125"/>
  <testcase classname="tests.CRUDAPI" name="postRequestTest" time="0.501"/>
  <testcase classname="tests.CRUDAPI" name="getRequestTest" time="1.155"/>
  <testcase classname="tests.CRUDAPI" name="patchRequestTest" time="1.276"/>
</testsuite> <!-- tests.CRUDAPI -->
