<?xml version="1.0" encoding="UTF-8"?>
<!-- Generated by org.testng.reporters.JUnitReportReporter -->
<testsuite hostname="LAPTOP-VU3PB39N" failures="0" tests="4" name="tests.ApiTest" time="7.661" errors="0" timestamp="2024-09-18T20:00:17 IST" skipped="0">
  <testcase classname="tests.ApiTest" name="deleteRequestTest" time="4.352"/>
  <testcase classname="tests.ApiTest" name="getRequestTest" time="1.316"/>
  <testcase classname="tests.ApiTest" name="patchRequestTest" time="1.452"/>
  <testcase classname="tests.ApiTest" name="postRequestTest" time="0.541"/>
</testsuite> <!-- tests.ApiTest -->
